-------------------------------------------------------------------------------
Test set: tests.reportBeta
-------------------------------------------------------------------------------
Tests run: 1, Failures: 1, Errors: 0, Skipped: 0, Time elapsed: 49.512 sec <<< FAILURE! - in tests.reportBeta
linkCheck(tests.reportBeta)  Time elapsed: 49.51 sec  <<< FAILURE!
com.applitools.eyes.TestFailedException: 'Report Beta' of 'QL Credit'. See details at https://eyes.applitools.com/app/sessions/00000251917460563931/00000251917460563378?accountId=R5gtd2j8Mk6-SZVqIalNKQ~~
	at tests.reportBeta.linkCheck(reportBeta.java:62)

