<?xml version="1.0" encoding="UTF-8"?>
<testsuite xmlns:xsi="http://www.w3.org/2001/XMLSchema-instance" xsi:schemaLocation="https://maven.apache.org/surefire/maven-surefire-plugin/xsd/surefire-test-report.xsd" name="tests.ReportTest" time="46.306" tests="1" errors="0" skipped="0" failures="1">
  <properties>
[...]
</properties>
  <testcase name="linkCheck" classname="tests.ReportTest" time="46.305">
    <failure message="&apos;Report&apos; of &apos;QL Credit&apos;. See details at https://eyes.applitools.com/app/sessions/00000251917459739161/00000251917459738864?accountId=R5gtd2j8Mk6-SZVqIalNKQ~~" type="com.applitools.eyes.TestFailedException">com.applitools.eyes.TestFailedException: 'Report' of 'QL Credit'. See details at https://eyes.applitools.com/app/sessions/00000251917459739161/00000251917459738864?accountId=R5gtd2j8Mk6-SZVqIalNKQ~~
	at tests.ReportTest.linkCheck(ReportTest.java:61)
</failure>
    <system-err><![CDATA[Starting ChromeDriver 2.25.426923 (0390b88869384d6eb0d5d09729679f934aab9eed) on port 15552
Only local connections are allowed.
]]></system-err>
  </testcase>
</testsuite>