-------------------------------------------------------------------------------
Test set: tests.ReportTest
-------------------------------------------------------------------------------
Tests run: 1, Failures: 1, Errors: 0, Skipped: 0, Time elapsed: 46.306 sec <<< FAILURE! - in tests.ReportTest
linkCheck(tests.ReportTest)  Time elapsed: 46.305 sec  <<< FAILURE!
com.applitools.eyes.TestFailedException: 'Report' of 'QL Credit'. See details at https://eyes.applitools.com/app/sessions/00000251917459739161/00000251917459738864?accountId=R5gtd2j8Mk6-SZVqIalNKQ~~
	at tests.ReportTest.linkCheck(ReportTest.java:61)

