-------------------------------------------------------------------------------
Test set: tests.summaryBeta
-------------------------------------------------------------------------------
Tests run: 1, Failures: 1, Errors: 0, Skipped: 0, Time elapsed: 75.596 sec <<< FAILURE! - in tests.summaryBeta
linkCheck(tests.summaryBeta)  Time elapsed: 75.595 sec  <<< FAILURE!
com.applitools.eyes.TestFailedException: 'Summary Beta' of 'QL Credit'. See details at https://eyes.applitools.com/app/sessions/00000251917460522070/00000251917460521755?accountId=R5gtd2j8Mk6-SZVqIalNKQ~~
	at tests.summaryBeta.linkCheck(summaryBeta.java:81)

